{"/Users/marcoluz/Developer/Reciply/app/index.tsx": {"path":"/Users/marcoluz/Developer/Reciply/app/index.tsx","statementMap":{},"fnMap":{},"branchMap":{},"s":{},"f":{},"b":{}}
,"/Users/marcoluz/Developer/Reciply/app/screens/Auth/LoginScreen/LoginScreen.tsx": {"path":"/Users/marcoluz/Developer/Reciply/app/screens/Auth/LoginScreen/LoginScreen.tsx","statementMap":{"0":{"start":{"line":17,"column":14},"end":{"line":143,"column":1}},"1":{"start":{"line":19,"column":17},"end":{"line":19,"column":28}},"2":{"start":{"line":22,"column":28},"end":{"line":22,"column":40}},"3":{"start":{"line":23,"column":34},"end":{"line":23,"column":46}},"4":{"start":{"line":26,"column":19},"end":{"line":26,"column":42}},"5":{"start":{"line":29,"column":2},"end":{"line":39,"column":9}},"6":{"start":{"line":30,"column":18},"end":{"line":35,"column":11}},"7":{"start":{"line":32,"column":6},"end":{"line":34,"column":7}},"8":{"start":{"line":33,"column":8},"end":{"line":33,"column":33}},"9":{"start":{"line":38,"column":4},"end":{"line":38,"column":37}},"10":{"start":{"line":38,"column":17},"end":{"line":38,"column":36}},"11":{"start":{"line":42,"column":22},"end":{"line":66,"column":3}},"12":{"start":{"line":43,"column":4},"end":{"line":65,"column":46}},"13":{"start":{"line":48,"column":8},"end":{"line":63,"column":9}},"14":{"start":{"line":49,"column":23},"end":{"line":49,"column":43}},"15":{"start":{"line":50,"column":10},"end":{"line":50,"column":54}},"16":{"start":{"line":53,"column":10},"end":{"line":53,"column":58}},"17":{"start":{"line":54,"column":10},"end":{"line":54,"column":63}},"18":{"start":{"line":55,"column":10},"end":{"line":55,"column":63}},"19":{"start":{"line":58,"column":10},"end":{"line":58,"column":54}},"20":{"start":{"line":61,"column":10},"end":{"line":61,"column":55}},"21":{"start":{"line":65,"column":24},"end":{"line":65,"column":44}},"22":{"start":{"line":69,"column":2},"end":{"line":142,"column":4}},"23":{"start":{"line":84,"column":12},"end":{"line":89,"column":14}},"24":{"start":{"line":88,"column":29},"end":{"line":88,"column":46}},"25":{"start":{"line":108,"column":36},"end":{"line":108,"column":50}},"26":{"start":{"line":116,"column":36},"end":{"line":116,"column":53}},"27":{"start":{"line":147,"column":15},"end":{"line":227,"column":2}}},"fnMap":{"0":{"name":"(anonymous_0)","decl":{"start":{"line":17,"column":14},"end":{"line":17,"column":15}},"loc":{"start":{"line":17,"column":20},"end":{"line":143,"column":1}},"line":17},"1":{"name":"(anonymous_1)","decl":{"start":{"line":29,"column":12},"end":{"line":29,"column":13}},"loc":{"start":{"line":29,"column":18},"end":{"line":39,"column":3}},"line":29},"2":{"name":"(anonymous_2)","decl":{"start":{"line":30,"column":29},"end":{"line":30,"column":30}},"loc":{"start":{"line":30,"column":35},"end":{"line":35,"column":5}},"line":30},"3":{"name":"(anonymous_3)","decl":{"start":{"line":38,"column":11},"end":{"line":38,"column":12}},"loc":{"start":{"line":38,"column":17},"end":{"line":38,"column":36}},"line":38},"4":{"name":"(anonymous_4)","decl":{"start":{"line":42,"column":22},"end":{"line":42,"column":23}},"loc":{"start":{"line":42,"column":34},"end":{"line":66,"column":3}},"line":42},"5":{"name":"(anonymous_5)","decl":{"start":{"line":46,"column":12},"end":{"line":46,"column":13}},"loc":{"start":{"line":46,"column":39},"end":{"line":64,"column":7}},"line":46},"6":{"name":"(anonymous_6)","decl":{"start":{"line":65,"column":13},"end":{"line":65,"column":14}},"loc":{"start":{"line":65,"column":24},"end":{"line":65,"column":44}},"line":65},"7":{"name":"(anonymous_7)","decl":{"start":{"line":83,"column":22},"end":{"line":83,"column":23}},"loc":{"start":{"line":84,"column":12},"end":{"line":89,"column":14}},"line":84},"8":{"name":"(anonymous_8)","decl":{"start":{"line":88,"column":23},"end":{"line":88,"column":24}},"loc":{"start":{"line":88,"column":29},"end":{"line":88,"column":46}},"line":88},"9":{"name":"(anonymous_9)","decl":{"start":{"line":108,"column":26},"end":{"line":108,"column":27}},"loc":{"start":{"line":108,"column":36},"end":{"line":108,"column":50}},"line":108},"10":{"name":"(anonymous_10)","decl":{"start":{"line":116,"column":26},"end":{"line":116,"column":27}},"loc":{"start":{"line":116,"column":36},"end":{"line":116,"column":53}},"line":116}},"branchMap":{"0":{"loc":{"start":{"line":32,"column":6},"end":{"line":34,"column":7}},"type":"if","locations":[{"start":{"line":32,"column":6},"end":{"line":34,"column":7}},{"start":{},"end":{}}],"line":32},"1":{"loc":{"start":{"line":48,"column":8},"end":{"line":63,"column":9}},"type":"if","locations":[{"start":{"line":48,"column":8},"end":{"line":63,"column":9}},{"start":{"line":59,"column":15},"end":{"line":63,"column":9}}],"line":48}},"s":{"0":0,"1":0,"2":0,"3":0,"4":0,"5":0,"6":0,"7":0,"8":0,"9":0,"10":0,"11":0,"12":0,"13":0,"14":0,"15":0,"16":0,"17":0,"18":0,"19":0,"20":0,"21":0,"22":0,"23":0,"24":0,"25":0,"26":0,"27":0},"f":{"0":0,"1":0,"2":0,"3":0,"4":0,"5":0,"6":0,"7":0,"8":0,"9":0,"10":0},"b":{"0":[0,0],"1":[0,0]}}
,"/Users/marcoluz/Developer/Reciply/app/screens/Auth/RegisterScreen/RegisterScreen.tsx": {"path":"/Users/marcoluz/Developer/Reciply/app/screens/Auth/RegisterScreen/RegisterScreen.tsx","statementMap":{},"fnMap":{},"branchMap":{},"s":{},"f":{},"b":{}}
,"/Users/marcoluz/Developer/Reciply/app/screens/Auth/ResetPasswordScreen/ResetPasswordScreen.tsx": {"path":"/Users/marcoluz/Developer/Reciply/app/screens/Auth/ResetPasswordScreen/ResetPasswordScreen.tsx","statementMap":{},"fnMap":{},"branchMap":{},"s":{},"f":{},"b":{}}
,"/Users/marcoluz/Developer/Reciply/app/screens/Protected/_layout.tsx": {"path":"/Users/marcoluz/Developer/Reciply/app/screens/Protected/_layout.tsx","statementMap":{"0":{"start":{"line":6,"column":2},"end":{"line":49,"column":4}},"1":{"start":{"line":25,"column":12},"end":{"line":25,"column":64}},"2":{"start":{"line":34,"column":12},"end":{"line":34,"column":68}},"3":{"start":{"line":44,"column":12},"end":{"line":44,"column":62}}},"fnMap":{"0":{"name":"(anonymous_0)","decl":{"start":{"line":5,"column":15},"end":{"line":5,"column":16}},"loc":{"start":{"line":5,"column":21},"end":{"line":50,"column":1}},"line":5},"1":{"name":"(anonymous_1)","decl":{"start":{"line":24,"column":22},"end":{"line":24,"column":23}},"loc":{"start":{"line":25,"column":12},"end":{"line":25,"column":64}},"line":25},"2":{"name":"(anonymous_2)","decl":{"start":{"line":33,"column":22},"end":{"line":33,"column":23}},"loc":{"start":{"line":34,"column":12},"end":{"line":34,"column":68}},"line":34},"3":{"name":"(anonymous_3)","decl":{"start":{"line":43,"column":22},"end":{"line":43,"column":23}},"loc":{"start":{"line":44,"column":12},"end":{"line":44,"column":62}},"line":44}},"branchMap":{},"s":{"0":0,"1":0,"2":0,"3":0},"f":{"0":0,"1":0,"2":0,"3":0},"b":{}}
,"/Users/marcoluz/Developer/Reciply/app/screens/Protected/DashboardScreen/_layout.tsx": {"path":"/Users/marcoluz/Developer/Reciply/app/screens/Protected/DashboardScreen/_layout.tsx","statementMap":{"0":{"start":{"line":4,"column":2},"end":{"line":25,"column":4}}},"fnMap":{"0":{"name":"(anonymous_0)","decl":{"start":{"line":3,"column":15},"end":{"line":3,"column":16}},"loc":{"start":{"line":3,"column":21},"end":{"line":26,"column":1}},"line":3}},"branchMap":{},"s":{"0":0},"f":{"0":0},"b":{}}
,"/Users/marcoluz/Developer/Reciply/app/screens/Protected/DashboardScreen/index.tsx": {"path":"/Users/marcoluz/Developer/Reciply/app/screens/Protected/DashboardScreen/index.tsx","statementMap":{"0":{"start":{"line":7,"column":19},"end":{"line":7,"column":64}},"1":{"start":{"line":9,"column":24},"end":{"line":37,"column":1}},"2":{"start":{"line":10,"column":2},"end":{"line":36,"column":4}}},"fnMap":{"0":{"name":"(anonymous_0)","decl":{"start":{"line":9,"column":24},"end":{"line":9,"column":25}},"loc":{"start":{"line":9,"column":30},"end":{"line":37,"column":1}},"line":9}},"branchMap":{},"s":{"0":1,"1":1,"2":1},"f":{"0":1},"b":{},"_coverageSchema":"1a1c01bbd47fc00a2c39e90264f33305004495a9","hash":"86bcdf820778fa8fca7b011245411792c12d3201"}
,"/Users/marcoluz/Developer/Reciply/app/screens/Protected/Profile/_layout.tsx": {"path":"/Users/marcoluz/Developer/Reciply/app/screens/Protected/Profile/_layout.tsx","statementMap":{"0":{"start":{"line":4,"column":2},"end":{"line":31,"column":4}}},"fnMap":{"0":{"name":"(anonymous_0)","decl":{"start":{"line":3,"column":15},"end":{"line":3,"column":16}},"loc":{"start":{"line":3,"column":21},"end":{"line":32,"column":1}},"line":3}},"branchMap":{},"s":{"0":0},"f":{"0":0},"b":{}}
,"/Users/marcoluz/Developer/Reciply/app/screens/Protected/Profile/index.tsx": {"path":"/Users/marcoluz/Developer/Reciply/app/screens/Protected/Profile/index.tsx","statementMap":{"0":{"start":{"line":4,"column":16},"end":{"line":10,"column":1}},"1":{"start":{"line":5,"column":2},"end":{"line":9,"column":4}}},"fnMap":{"0":{"name":"(anonymous_0)","decl":{"start":{"line":4,"column":16},"end":{"line":4,"column":17}},"loc":{"start":{"line":4,"column":22},"end":{"line":10,"column":1}},"line":4}},"branchMap":{},"s":{"0":0,"1":0},"f":{"0":0},"b":{}}
,"/Users/marcoluz/Developer/Reciply/app/screens/Protected/Recipes/_layout.tsx": {"path":"/Users/marcoluz/Developer/Reciply/app/screens/Protected/Recipes/_layout.tsx","statementMap":{"0":{"start":{"line":4,"column":2},"end":{"line":25,"column":4}}},"fnMap":{"0":{"name":"(anonymous_0)","decl":{"start":{"line":3,"column":15},"end":{"line":3,"column":16}},"loc":{"start":{"line":3,"column":21},"end":{"line":26,"column":1}},"line":3}},"branchMap":{},"s":{"0":0},"f":{"0":0},"b":{}}
,"/Users/marcoluz/Developer/Reciply/app/screens/Protected/Recipes/index.tsx": {"path":"/Users/marcoluz/Developer/Reciply/app/screens/Protected/Recipes/index.tsx","statementMap":{"0":{"start":{"line":4,"column":16},"end":{"line":10,"column":1}},"1":{"start":{"line":5,"column":2},"end":{"line":9,"column":4}}},"fnMap":{"0":{"name":"(anonymous_0)","decl":{"start":{"line":4,"column":16},"end":{"line":4,"column":17}},"loc":{"start":{"line":4,"column":22},"end":{"line":10,"column":1}},"line":4}},"branchMap":{},"s":{"0":0,"1":0},"f":{"0":0},"b":{}}
,"/Users/marcoluz/Developer/Reciply/app/screens/Public/HomeScreen/HomeScreen.tsx": {"path":"/Users/marcoluz/Developer/Reciply/app/screens/Public/HomeScreen/HomeScreen.tsx","statementMap":{"0":{"start":{"line":8,"column":17},"end":{"line":50,"column":1}},"1":{"start":{"line":10,"column":17},"end":{"line":10,"column":28}},"2":{"start":{"line":13,"column":2},"end":{"line":21,"column":5}},"3":{"start":{"line":15,"column":4},"end":{"line":20,"column":5}},"4":{"start":{"line":17,"column":6},"end":{"line":17,"column":26}},"5":{"start":{"line":19,"column":6},"end":{"line":19,"column":59}},"6":{"start":{"line":24,"column":2},"end":{"line":49,"column":4}},"7":{"start":{"line":41,"column":12},"end":{"line":41,"column":33}},"8":{"start":{"line":52,"column":15},"end":{"line":94,"column":2}}},"fnMap":{"0":{"name":"(anonymous_0)","decl":{"start":{"line":8,"column":17},"end":{"line":8,"column":18}},"loc":{"start":{"line":8,"column":23},"end":{"line":50,"column":1}},"line":8},"1":{"name":"(anonymous_1)","decl":{"start":{"line":13,"column":38},"end":{"line":13,"column":39}},"loc":{"start":{"line":13,"column":50},"end":{"line":21,"column":3}},"line":13},"2":{"name":"(anonymous_2)","decl":{"start":{"line":39,"column":19},"end":{"line":39,"column":20}},"loc":{"start":{"line":39,"column":25},"end":{"line":42,"column":11}},"line":39}},"branchMap":{"0":{"loc":{"start":{"line":15,"column":4},"end":{"line":20,"column":5}},"type":"if","locations":[{"start":{"line":15,"column":4},"end":{"line":20,"column":5}},{"start":{},"end":{}}],"line":15}},"s":{"0":0,"1":0,"2":0,"3":0,"4":0,"5":0,"6":0,"7":0,"8":0},"f":{"0":0,"1":0,"2":0},"b":{"0":[0,0]}}
,"/Users/marcoluz/Developer/Reciply/app_old/_layout.tsx": {"path":"/Users/marcoluz/Developer/Reciply/app_old/_layout.tsx","statementMap":{"0":{"start":{"line":4,"column":2},"end":{"line":14,"column":4}}},"fnMap":{"0":{"name":"(anonymous_0)","decl":{"start":{"line":3,"column":15},"end":{"line":3,"column":16}},"loc":{"start":{"line":3,"column":21},"end":{"line":15,"column":1}},"line":3}},"branchMap":{},"s":{"0":0},"f":{"0":0},"b":{}}
,"/Users/marcoluz/Developer/Reciply/app_old/index.tsx": {"path":"/Users/marcoluz/Developer/Reciply/app_old/index.tsx","statementMap":{"0":{"start":{"line":10,"column":17},"end":{"line":10,"column":28}},"1":{"start":{"line":13,"column":2},"end":{"line":21,"column":5}},"2":{"start":{"line":15,"column":4},"end":{"line":20,"column":5}},"3":{"start":{"line":17,"column":6},"end":{"line":17,"column":26}},"4":{"start":{"line":19,"column":6},"end":{"line":19,"column":51}},"5":{"start":{"line":24,"column":2},"end":{"line":49,"column":4}},"6":{"start":{"line":41,"column":12},"end":{"line":41,"column":33}},"7":{"start":{"line":52,"column":15},"end":{"line":94,"column":2}}},"fnMap":{"0":{"name":"Page","decl":{"start":{"line":8,"column":24},"end":{"line":8,"column":28}},"loc":{"start":{"line":8,"column":31},"end":{"line":50,"column":1}},"line":8},"1":{"name":"(anonymous_1)","decl":{"start":{"line":13,"column":38},"end":{"line":13,"column":39}},"loc":{"start":{"line":13,"column":50},"end":{"line":21,"column":3}},"line":13},"2":{"name":"(anonymous_2)","decl":{"start":{"line":39,"column":19},"end":{"line":39,"column":20}},"loc":{"start":{"line":39,"column":25},"end":{"line":42,"column":11}},"line":39}},"branchMap":{"0":{"loc":{"start":{"line":15,"column":4},"end":{"line":20,"column":5}},"type":"if","locations":[{"start":{"line":15,"column":4},"end":{"line":20,"column":5}},{"start":{},"end":{}}],"line":15}},"s":{"0":0,"1":0,"2":0,"3":0,"4":0,"5":0,"6":0,"7":0},"f":{"0":0,"1":0,"2":0},"b":{"0":[0,0]}}
,"/Users/marcoluz/Developer/Reciply/app_old/login.tsx": {"path":"/Users/marcoluz/Developer/Reciply/app_old/login.tsx","statementMap":{"0":{"start":{"line":17,"column":14},"end":{"line":143,"column":1}},"1":{"start":{"line":19,"column":17},"end":{"line":19,"column":28}},"2":{"start":{"line":22,"column":28},"end":{"line":22,"column":40}},"3":{"start":{"line":23,"column":34},"end":{"line":23,"column":46}},"4":{"start":{"line":26,"column":19},"end":{"line":26,"column":42}},"5":{"start":{"line":29,"column":2},"end":{"line":39,"column":9}},"6":{"start":{"line":30,"column":18},"end":{"line":35,"column":11}},"7":{"start":{"line":32,"column":6},"end":{"line":34,"column":7}},"8":{"start":{"line":33,"column":8},"end":{"line":33,"column":33}},"9":{"start":{"line":38,"column":4},"end":{"line":38,"column":37}},"10":{"start":{"line":38,"column":17},"end":{"line":38,"column":36}},"11":{"start":{"line":42,"column":22},"end":{"line":66,"column":3}},"12":{"start":{"line":43,"column":4},"end":{"line":65,"column":46}},"13":{"start":{"line":48,"column":8},"end":{"line":63,"column":9}},"14":{"start":{"line":49,"column":23},"end":{"line":49,"column":43}},"15":{"start":{"line":50,"column":10},"end":{"line":50,"column":54}},"16":{"start":{"line":53,"column":10},"end":{"line":53,"column":58}},"17":{"start":{"line":54,"column":10},"end":{"line":54,"column":63}},"18":{"start":{"line":55,"column":10},"end":{"line":55,"column":63}},"19":{"start":{"line":58,"column":10},"end":{"line":58,"column":54}},"20":{"start":{"line":61,"column":10},"end":{"line":61,"column":55}},"21":{"start":{"line":65,"column":24},"end":{"line":65,"column":44}},"22":{"start":{"line":69,"column":2},"end":{"line":142,"column":4}},"23":{"start":{"line":84,"column":12},"end":{"line":89,"column":14}},"24":{"start":{"line":88,"column":29},"end":{"line":88,"column":46}},"25":{"start":{"line":108,"column":36},"end":{"line":108,"column":50}},"26":{"start":{"line":116,"column":36},"end":{"line":116,"column":53}},"27":{"start":{"line":147,"column":15},"end":{"line":227,"column":2}}},"fnMap":{"0":{"name":"(anonymous_0)","decl":{"start":{"line":17,"column":14},"end":{"line":17,"column":15}},"loc":{"start":{"line":17,"column":20},"end":{"line":143,"column":1}},"line":17},"1":{"name":"(anonymous_1)","decl":{"start":{"line":29,"column":12},"end":{"line":29,"column":13}},"loc":{"start":{"line":29,"column":18},"end":{"line":39,"column":3}},"line":29},"2":{"name":"(anonymous_2)","decl":{"start":{"line":30,"column":29},"end":{"line":30,"column":30}},"loc":{"start":{"line":30,"column":35},"end":{"line":35,"column":5}},"line":30},"3":{"name":"(anonymous_3)","decl":{"start":{"line":38,"column":11},"end":{"line":38,"column":12}},"loc":{"start":{"line":38,"column":17},"end":{"line":38,"column":36}},"line":38},"4":{"name":"(anonymous_4)","decl":{"start":{"line":42,"column":22},"end":{"line":42,"column":23}},"loc":{"start":{"line":42,"column":34},"end":{"line":66,"column":3}},"line":42},"5":{"name":"(anonymous_5)","decl":{"start":{"line":46,"column":12},"end":{"line":46,"column":13}},"loc":{"start":{"line":46,"column":39},"end":{"line":64,"column":7}},"line":46},"6":{"name":"(anonymous_6)","decl":{"start":{"line":65,"column":13},"end":{"line":65,"column":14}},"loc":{"start":{"line":65,"column":24},"end":{"line":65,"column":44}},"line":65},"7":{"name":"(anonymous_7)","decl":{"start":{"line":83,"column":22},"end":{"line":83,"column":23}},"loc":{"start":{"line":84,"column":12},"end":{"line":89,"column":14}},"line":84},"8":{"name":"(anonymous_8)","decl":{"start":{"line":88,"column":23},"end":{"line":88,"column":24}},"loc":{"start":{"line":88,"column":29},"end":{"line":88,"column":46}},"line":88},"9":{"name":"(anonymous_9)","decl":{"start":{"line":108,"column":26},"end":{"line":108,"column":27}},"loc":{"start":{"line":108,"column":36},"end":{"line":108,"column":50}},"line":108},"10":{"name":"(anonymous_10)","decl":{"start":{"line":116,"column":26},"end":{"line":116,"column":27}},"loc":{"start":{"line":116,"column":36},"end":{"line":116,"column":53}},"line":116}},"branchMap":{"0":{"loc":{"start":{"line":32,"column":6},"end":{"line":34,"column":7}},"type":"if","locations":[{"start":{"line":32,"column":6},"end":{"line":34,"column":7}},{"start":{},"end":{}}],"line":32},"1":{"loc":{"start":{"line":48,"column":8},"end":{"line":63,"column":9}},"type":"if","locations":[{"start":{"line":48,"column":8},"end":{"line":63,"column":9}},{"start":{"line":59,"column":15},"end":{"line":63,"column":9}}],"line":48}},"s":{"0":0,"1":0,"2":0,"3":0,"4":0,"5":0,"6":0,"7":0,"8":0,"9":0,"10":0,"11":0,"12":0,"13":0,"14":0,"15":0,"16":0,"17":0,"18":0,"19":0,"20":0,"21":0,"22":0,"23":0,"24":0,"25":0,"26":0,"27":0},"f":{"0":0,"1":0,"2":0,"3":0,"4":0,"5":0,"6":0,"7":0,"8":0,"9":0,"10":0},"b":{"0":[0,0],"1":[0,0]}}
,"/Users/marcoluz/Developer/Reciply/app_old/register.tsx": {"path":"/Users/marcoluz/Developer/Reciply/app_old/register.tsx","statementMap":{"0":{"start":{"line":17,"column":17},"end":{"line":136,"column":1}},"1":{"start":{"line":19,"column":17},"end":{"line":19,"column":28}},"2":{"start":{"line":22,"column":28},"end":{"line":22,"column":40}},"3":{"start":{"line":23,"column":34},"end":{"line":23,"column":46}},"4":{"start":{"line":26,"column":19},"end":{"line":26,"column":42}},"5":{"start":{"line":29,"column":2},"end":{"line":38,"column":9}},"6":{"start":{"line":30,"column":18},"end":{"line":34,"column":11}},"7":{"start":{"line":31,"column":6},"end":{"line":33,"column":7}},"8":{"start":{"line":32,"column":8},"end":{"line":32,"column":33}},"9":{"start":{"line":37,"column":4},"end":{"line":37,"column":37}},"10":{"start":{"line":37,"column":17},"end":{"line":37,"column":36}},"11":{"start":{"line":41,"column":23},"end":{"line":64,"column":3}},"12":{"start":{"line":42,"column":4},"end":{"line":63,"column":46}},"13":{"start":{"line":46,"column":8},"end":{"line":61,"column":9}},"14":{"start":{"line":47,"column":23},"end":{"line":47,"column":43}},"15":{"start":{"line":48,"column":10},"end":{"line":48,"column":58}},"16":{"start":{"line":51,"column":10},"end":{"line":51,"column":52}},"17":{"start":{"line":52,"column":10},"end":{"line":52,"column":57}},"18":{"start":{"line":53,"column":10},"end":{"line":53,"column":57}},"19":{"start":{"line":56,"column":10},"end":{"line":56,"column":54}},"20":{"start":{"line":59,"column":10},"end":{"line":59,"column":55}},"21":{"start":{"line":63,"column":24},"end":{"line":63,"column":44}},"22":{"start":{"line":67,"column":2},"end":{"line":135,"column":4}},"23":{"start":{"line":82,"column":12},"end":{"line":87,"column":14}},"24":{"start":{"line":86,"column":29},"end":{"line":86,"column":42}},"25":{"start":{"line":106,"column":36},"end":{"line":106,"column":50}},"26":{"start":{"line":114,"column":36},"end":{"line":114,"column":53}},"27":{"start":{"line":140,"column":15},"end":{"line":217,"column":2}}},"fnMap":{"0":{"name":"(anonymous_0)","decl":{"start":{"line":17,"column":17},"end":{"line":17,"column":18}},"loc":{"start":{"line":17,"column":23},"end":{"line":136,"column":1}},"line":17},"1":{"name":"(anonymous_1)","decl":{"start":{"line":29,"column":12},"end":{"line":29,"column":13}},"loc":{"start":{"line":29,"column":18},"end":{"line":38,"column":3}},"line":29},"2":{"name":"(anonymous_2)","decl":{"start":{"line":30,"column":29},"end":{"line":30,"column":30}},"loc":{"start":{"line":30,"column":35},"end":{"line":34,"column":5}},"line":30},"3":{"name":"(anonymous_3)","decl":{"start":{"line":37,"column":11},"end":{"line":37,"column":12}},"loc":{"start":{"line":37,"column":17},"end":{"line":37,"column":36}},"line":37},"4":{"name":"(anonymous_4)","decl":{"start":{"line":41,"column":23},"end":{"line":41,"column":24}},"loc":{"start":{"line":41,"column":29},"end":{"line":64,"column":3}},"line":41},"5":{"name":"(anonymous_5)","decl":{"start":{"line":45,"column":12},"end":{"line":45,"column":13}},"loc":{"start":{"line":45,"column":33},"end":{"line":62,"column":7}},"line":45},"6":{"name":"(anonymous_6)","decl":{"start":{"line":63,"column":13},"end":{"line":63,"column":14}},"loc":{"start":{"line":63,"column":24},"end":{"line":63,"column":44}},"line":63},"7":{"name":"(anonymous_7)","decl":{"start":{"line":81,"column":22},"end":{"line":81,"column":23}},"loc":{"start":{"line":82,"column":12},"end":{"line":87,"column":14}},"line":82},"8":{"name":"(anonymous_8)","decl":{"start":{"line":86,"column":23},"end":{"line":86,"column":24}},"loc":{"start":{"line":86,"column":29},"end":{"line":86,"column":42}},"line":86},"9":{"name":"(anonymous_9)","decl":{"start":{"line":106,"column":26},"end":{"line":106,"column":27}},"loc":{"start":{"line":106,"column":36},"end":{"line":106,"column":50}},"line":106},"10":{"name":"(anonymous_10)","decl":{"start":{"line":114,"column":26},"end":{"line":114,"column":27}},"loc":{"start":{"line":114,"column":36},"end":{"line":114,"column":53}},"line":114}},"branchMap":{"0":{"loc":{"start":{"line":31,"column":6},"end":{"line":33,"column":7}},"type":"if","locations":[{"start":{"line":31,"column":6},"end":{"line":33,"column":7}},{"start":{},"end":{}}],"line":31},"1":{"loc":{"start":{"line":46,"column":8},"end":{"line":61,"column":9}},"type":"if","locations":[{"start":{"line":46,"column":8},"end":{"line":61,"column":9}},{"start":{"line":57,"column":15},"end":{"line":61,"column":9}}],"line":46}},"s":{"0":0,"1":0,"2":0,"3":0,"4":0,"5":0,"6":0,"7":0,"8":0,"9":0,"10":0,"11":0,"12":0,"13":0,"14":0,"15":0,"16":0,"17":0,"18":0,"19":0,"20":0,"21":0,"22":0,"23":0,"24":0,"25":0,"26":0,"27":0},"f":{"0":0,"1":0,"2":0,"3":0,"4":0,"5":0,"6":0,"7":0,"8":0,"9":0,"10":0},"b":{"0":[0,0],"1":[0,0]}}
,"/Users/marcoluz/Developer/Reciply/app_old/reset.tsx": {"path":"/Users/marcoluz/Developer/Reciply/app_old/reset.tsx","statementMap":{"0":{"start":{"line":5,"column":28},"end":{"line":31,"column":1}},"1":{"start":{"line":6,"column":28},"end":{"line":6,"column":40}},"2":{"start":{"line":8,"column":33},"end":{"line":15,"column":3}},"3":{"start":{"line":9,"column":4},"end":{"line":14,"column":5}},"4":{"start":{"line":10,"column":6},"end":{"line":10,"column":58}},"5":{"start":{"line":11,"column":6},"end":{"line":11,"column":42}},"6":{"start":{"line":13,"column":6},"end":{"line":13,"column":27}},"7":{"start":{"line":17,"column":2},"end":{"line":30,"column":4}}},"fnMap":{"0":{"name":"(anonymous_0)","decl":{"start":{"line":5,"column":28},"end":{"line":5,"column":29}},"loc":{"start":{"line":5,"column":34},"end":{"line":31,"column":1}},"line":5},"1":{"name":"(anonymous_1)","decl":{"start":{"line":8,"column":33},"end":{"line":8,"column":34}},"loc":{"start":{"line":8,"column":45},"end":{"line":15,"column":3}},"line":8}},"branchMap":{},"s":{"0":0,"1":0,"2":0,"3":0,"4":0,"5":0,"6":0,"7":0},"f":{"0":0,"1":0},"b":{}}
,"/Users/marcoluz/Developer/Reciply/app_old/pages_old/_layout.tsx": {"path":"/Users/marcoluz/Developer/Reciply/app_old/pages_old/_layout.tsx","statementMap":{"0":{"start":{"line":6,"column":2},"end":{"line":39,"column":4}},"1":{"start":{"line":24,"column":12},"end":{"line":24,"column":68}},"2":{"start":{"line":34,"column":12},"end":{"line":34,"column":62}}},"fnMap":{"0":{"name":"(anonymous_0)","decl":{"start":{"line":5,"column":15},"end":{"line":5,"column":16}},"loc":{"start":{"line":5,"column":21},"end":{"line":40,"column":1}},"line":5},"1":{"name":"(anonymous_1)","decl":{"start":{"line":23,"column":22},"end":{"line":23,"column":23}},"loc":{"start":{"line":24,"column":12},"end":{"line":24,"column":68}},"line":24},"2":{"name":"(anonymous_2)","decl":{"start":{"line":33,"column":22},"end":{"line":33,"column":23}},"loc":{"start":{"line":34,"column":12},"end":{"line":34,"column":62}},"line":34}},"branchMap":{},"s":{"0":0,"1":0,"2":0},"f":{"0":0,"1":0,"2":0},"b":{}}
,"/Users/marcoluz/Developer/Reciply/app_old/pages_old/profile/_layout.tsx": {"path":"/Users/marcoluz/Developer/Reciply/app_old/pages_old/profile/_layout.tsx","statementMap":{"0":{"start":{"line":4,"column":2},"end":{"line":14,"column":4}}},"fnMap":{"0":{"name":"(anonymous_0)","decl":{"start":{"line":3,"column":15},"end":{"line":3,"column":16}},"loc":{"start":{"line":3,"column":21},"end":{"line":15,"column":1}},"line":3}},"branchMap":{},"s":{"0":0},"f":{"0":0},"b":{}}
,"/Users/marcoluz/Developer/Reciply/app_old/pages_old/profile/index.tsx": {"path":"/Users/marcoluz/Developer/Reciply/app_old/pages_old/profile/index.tsx","statementMap":{"0":{"start":{"line":13,"column":17},"end":{"line":13,"column":28}},"1":{"start":{"line":16,"column":24},"end":{"line":39,"column":3}},"2":{"start":{"line":18,"column":30},"end":{"line":26,"column":5}},"3":{"start":{"line":19,"column":6},"end":{"line":25,"column":7}},"4":{"start":{"line":20,"column":26},"end":{"line":20,"column":65}},"5":{"start":{"line":21,"column":8},"end":{"line":21,"column":25}},"6":{"start":{"line":23,"column":8},"end":{"line":23,"column":27}},"7":{"start":{"line":24,"column":8},"end":{"line":24,"column":20}},"8":{"start":{"line":28,"column":4},"end":{"line":38,"column":46}},"9":{"start":{"line":32,"column":8},"end":{"line":32,"column":38}},"10":{"start":{"line":33,"column":8},"end":{"line":33,"column":68}},"11":{"start":{"line":34,"column":8},"end":{"line":34,"column":42}},"12":{"start":{"line":35,"column":8},"end":{"line":35,"column":45}},"13":{"start":{"line":36,"column":8},"end":{"line":36,"column":48}},"14":{"start":{"line":38,"column":24},"end":{"line":38,"column":44}},"15":{"start":{"line":42,"column":30},"end":{"line":106,"column":3}},"16":{"start":{"line":43,"column":4},"end":{"line":105,"column":5}},"17":{"start":{"line":44,"column":21},"end":{"line":44,"column":57}},"18":{"start":{"line":45,"column":24},"end":{"line":45,"column":63}},"19":{"start":{"line":46,"column":27},"end":{"line":46,"column":69}},"20":{"start":{"line":48,"column":29},"end":{"line":50,"column":60}},"21":{"start":{"line":52,"column":6},"end":{"line":101,"column":8}},"22":{"start":{"line":63,"column":14},"end":{"line":63,"column":34}},"23":{"start":{"line":66,"column":41},"end":{"line":70,"column":50}},"24":{"start":{"line":72,"column":33},"end":{"line":72,"column":61}},"25":{"start":{"line":73,"column":16},"end":{"line":75,"column":19}},"26":{"start":{"line":74,"column":18},"end":{"line":74,"column":41}},"27":{"start":{"line":77,"column":16},"end":{"line":81,"column":28}},"28":{"start":{"line":83,"column":14},"end":{"line":83,"column":59}},"29":{"start":{"line":86,"column":14},"end":{"line":86,"column":49}},"30":{"start":{"line":89,"column":14},"end":{"line":89,"column":54}},"31":{"start":{"line":90,"column":14},"end":{"line":90,"column":57}},"32":{"start":{"line":91,"column":14},"end":{"line":91,"column":60}},"33":{"start":{"line":94,"column":14},"end":{"line":94,"column":44}},"34":{"start":{"line":96,"column":14},"end":{"line":96,"column":60}},"35":{"start":{"line":103,"column":6},"end":{"line":103,"column":25}},"36":{"start":{"line":104,"column":6},"end":{"line":104,"column":27}},"37":{"start":{"line":108,"column":2},"end":{"line":125,"column":4}},"38":{"start":{"line":128,"column":15},"end":{"line":178,"column":2}}},"fnMap":{"0":{"name":"Page","decl":{"start":{"line":10,"column":24},"end":{"line":10,"column":28}},"loc":{"start":{"line":10,"column":31},"end":{"line":126,"column":1}},"line":10},"1":{"name":"(anonymous_1)","decl":{"start":{"line":16,"column":24},"end":{"line":16,"column":25}},"loc":{"start":{"line":16,"column":36},"end":{"line":39,"column":3}},"line":16},"2":{"name":"(anonymous_2)","decl":{"start":{"line":18,"column":30},"end":{"line":18,"column":31}},"loc":{"start":{"line":18,"column":42},"end":{"line":26,"column":5}},"line":18},"3":{"name":"(anonymous_3)","decl":{"start":{"line":31,"column":12},"end":{"line":31,"column":13}},"loc":{"start":{"line":31,"column":24},"end":{"line":37,"column":7}},"line":31},"4":{"name":"(anonymous_4)","decl":{"start":{"line":38,"column":13},"end":{"line":38,"column":14}},"loc":{"start":{"line":38,"column":24},"end":{"line":38,"column":44}},"line":38},"5":{"name":"(anonymous_5)","decl":{"start":{"line":42,"column":30},"end":{"line":42,"column":31}},"loc":{"start":{"line":42,"column":42},"end":{"line":106,"column":3}},"line":42},"6":{"name":"(anonymous_6)","decl":{"start":{"line":62,"column":21},"end":{"line":62,"column":22}},"loc":{"start":{"line":62,"column":33},"end":{"line":97,"column":13}},"line":62},"7":{"name":"deleteDocumentAndSubcollection","decl":{"start":{"line":65,"column":29},"end":{"line":65,"column":59}},"loc":{"start":{"line":65,"column":68},"end":{"line":82,"column":15}},"line":65},"8":{"name":"(anonymous_8)","decl":{"start":{"line":73,"column":38},"end":{"line":73,"column":39}},"loc":{"start":{"line":73,"column":53},"end":{"line":75,"column":17}},"line":73}},"branchMap":{},"s":{"0":0,"1":0,"2":0,"3":0,"4":0,"5":0,"6":0,"7":0,"8":0,"9":0,"10":0,"11":0,"12":0,"13":0,"14":0,"15":0,"16":0,"17":0,"18":0,"19":0,"20":0,"21":0,"22":0,"23":0,"24":0,"25":0,"26":0,"27":0,"28":0,"29":0,"30":0,"31":0,"32":0,"33":0,"34":0,"35":0,"36":0,"37":0,"38":0},"f":{"0":0,"1":0,"2":0,"3":0,"4":0,"5":0,"6":0,"7":0,"8":0},"b":{}}
,"/Users/marcoluz/Developer/Reciply/app_old/pages_old/profile/settings.tsx": {"path":"/Users/marcoluz/Developer/Reciply/app_old/pages_old/profile/settings.tsx","statementMap":{"0":{"start":{"line":4,"column":17},"end":{"line":10,"column":1}},"1":{"start":{"line":5,"column":2},"end":{"line":9,"column":4}}},"fnMap":{"0":{"name":"(anonymous_0)","decl":{"start":{"line":4,"column":17},"end":{"line":4,"column":18}},"loc":{"start":{"line":4,"column":23},"end":{"line":10,"column":1}},"line":4}},"branchMap":{},"s":{"0":0,"1":0},"f":{"0":0},"b":{}}
,"/Users/marcoluz/Developer/Reciply/app_old/pages_old/recipes/_layout.tsx": {"path":"/Users/marcoluz/Developer/Reciply/app_old/pages_old/recipes/_layout.tsx","statementMap":{"0":{"start":{"line":4,"column":2},"end":{"line":39,"column":4}}},"fnMap":{"0":{"name":"(anonymous_0)","decl":{"start":{"line":3,"column":15},"end":{"line":3,"column":16}},"loc":{"start":{"line":3,"column":21},"end":{"line":40,"column":1}},"line":3}},"branchMap":{},"s":{"0":0},"f":{"0":0},"b":{}}
,"/Users/marcoluz/Developer/Reciply/app_old/pages_old/recipes/ingredients.tsx": {"path":"/Users/marcoluz/Developer/Reciply/app_old/pages_old/recipes/ingredients.tsx","statementMap":{"0":{"start":{"line":35,"column":20},"end":{"line":332,"column":1}},"1":{"start":{"line":37,"column":17},"end":{"line":37,"column":28}},"2":{"start":{"line":39,"column":24},"end":{"line":39,"column":36}},"3":{"start":{"line":40,"column":21},"end":{"line":40,"column":31}},"4":{"start":{"line":43,"column":2},"end":{"line":47,"column":5}},"5":{"start":{"line":44,"column":4},"end":{"line":46,"column":5}},"6":{"start":{"line":50,"column":25},"end":{"line":58,"column":3}},"7":{"start":{"line":51,"column":4},"end":{"line":57,"column":5}},"8":{"start":{"line":52,"column":21},"end":{"line":52,"column":57}},"9":{"start":{"line":53,"column":6},"end":{"line":53,"column":20}},"10":{"start":{"line":55,"column":6},"end":{"line":55,"column":25}},"11":{"start":{"line":56,"column":6},"end":{"line":56,"column":18}},"12":{"start":{"line":61,"column":40},"end":{"line":61,"column":66}},"13":{"start":{"line":62,"column":24},"end":{"line":62,"column":70}},"14":{"start":{"line":63,"column":2},"end":{"line":82,"column":9}},"15":{"start":{"line":64,"column":24},"end":{"line":77,"column":6}},"16":{"start":{"line":66,"column":43},"end":{"line":66,"column":45}},"17":{"start":{"line":67,"column":6},"end":{"line":75,"column":9}},"18":{"start":{"line":68,"column":42},"end":{"line":68,"column":52}},"19":{"start":{"line":69,"column":8},"end":{"line":74,"column":11}},"20":{"start":{"line":76,"column":6},"end":{"line":76,"column":37}},"21":{"start":{"line":79,"column":4},"end":{"line":81,"column":6}},"22":{"start":{"line":80,"column":6},"end":{"line":80,"column":20}},"23":{"start":{"line":84,"column":32},"end":{"line":88,"column":8}},"24":{"start":{"line":85,"column":25},"end":{"line":85,"column":44}},"25":{"start":{"line":86,"column":4},"end":{"line":86,"column":69}},"26":{"start":{"line":87,"column":4},"end":{"line":87,"column":15}},"27":{"start":{"line":91,"column":50},"end":{"line":93,"column":3}},"28":{"start":{"line":94,"column":56},"end":{"line":94,"column":71}},"29":{"start":{"line":96,"column":2},"end":{"line":131,"column":9}},"30":{"start":{"line":97,"column":32},"end":{"line":128,"column":5}},"31":{"start":{"line":98,"column":21},"end":{"line":98,"column":43}},"32":{"start":{"line":99,"column":6},"end":{"line":127,"column":7}},"33":{"start":{"line":100,"column":36},"end":{"line":104,"column":42}},"34":{"start":{"line":106,"column":28},"end":{"line":122,"column":12}},"35":{"start":{"line":110,"column":59},"end":{"line":110,"column":61}},"36":{"start":{"line":111,"column":12},"end":{"line":118,"column":15}},"37":{"start":{"line":112,"column":40},"end":{"line":112,"column":50}},"38":{"start":{"line":113,"column":14},"end":{"line":117,"column":17}},"39":{"start":{"line":119,"column":12},"end":{"line":119,"column":53}},"40":{"start":{"line":121,"column":12},"end":{"line":121,"column":67}},"41":{"start":{"line":124,"column":8},"end":{"line":126,"column":10}},"42":{"start":{"line":125,"column":10},"end":{"line":125,"column":24}},"43":{"start":{"line":130,"column":4},"end":{"line":130,"column":26}},"44":{"start":{"line":134,"column":38},"end":{"line":153,"column":3}},"45":{"start":{"line":135,"column":19},"end":{"line":135,"column":41}},"46":{"start":{"line":136,"column":4},"end":{"line":152,"column":5}},"47":{"start":{"line":137,"column":34},"end":{"line":141,"column":40}},"48":{"start":{"line":143,"column":6},"end":{"line":151,"column":11}},"49":{"start":{"line":147,"column":10},"end":{"line":147,"column":49}},"50":{"start":{"line":150,"column":10},"end":{"line":150,"column":61}},"51":{"start":{"line":157,"column":48},"end":{"line":157,"column":62}},"52":{"start":{"line":159,"column":4},"end":{"line":174,"column":29}},"53":{"start":{"line":160,"column":28},"end":{"line":163,"column":32}},"54":{"start":{"line":165,"column":26},"end":{"line":171,"column":8}},"55":{"start":{"line":166,"column":8},"end":{"line":170,"column":9}},"56":{"start":{"line":167,"column":10},"end":{"line":167,"column":40}},"57":{"start":{"line":169,"column":10},"end":{"line":169,"column":47}},"58":{"start":{"line":173,"column":6},"end":{"line":173,"column":33}},"59":{"start":{"line":173,"column":19},"end":{"line":173,"column":32}},"60":{"start":{"line":176,"column":4},"end":{"line":178,"column":5}},"61":{"start":{"line":177,"column":6},"end":{"line":177,"column":18}},"62":{"start":{"line":180,"column":4},"end":{"line":192,"column":6}},"63":{"start":{"line":184,"column":23},"end":{"line":184,"column":70}},"64":{"start":{"line":195,"column":54},"end":{"line":195,"column":66}},"65":{"start":{"line":197,"column":35},"end":{"line":201,"column":3}},"66":{"start":{"line":198,"column":4},"end":{"line":200,"column":8}},"67":{"start":{"line":198,"column":47},"end":{"line":200,"column":5}},"68":{"start":{"line":204,"column":28},"end":{"line":204,"column":79}},"69":{"start":{"line":204,"column":59},"end":{"line":204,"column":68}},"70":{"start":{"line":207,"column":2},"end":{"line":331,"column":4}},"71":{"start":{"line":216,"column":12},"end":{"line":216,"column":61}},"72":{"start":{"line":234,"column":14},"end":{"line":238,"column":16}},"73":{"start":{"line":245,"column":12},"end":{"line":245,"column":61}},"74":{"start":{"line":262,"column":14},"end":{"line":312,"column":21}},"75":{"start":{"line":276,"column":33},"end":{"line":276,"column":71}},"76":{"start":{"line":291,"column":22},"end":{"line":308,"column":41}},"77":{"start":{"line":301,"column":39},"end":{"line":301,"column":75}},"78":{"start":{"line":322,"column":12},"end":{"line":324,"column":13}},"79":{"start":{"line":334,"column":15},"end":{"line":380,"column":2}}},"fnMap":{"0":{"name":"(anonymous_0)","decl":{"start":{"line":35,"column":20},"end":{"line":35,"column":21}},"loc":{"start":{"line":35,"column":26},"end":{"line":332,"column":1}},"line":35},"1":{"name":"(anonymous_1)","decl":{"start":{"line":43,"column":38},"end":{"line":43,"column":39}},"loc":{"start":{"line":43,"column":50},"end":{"line":47,"column":3}},"line":43},"2":{"name":"(anonymous_2)","decl":{"start":{"line":50,"column":25},"end":{"line":50,"column":26}},"loc":{"start":{"line":50,"column":37},"end":{"line":58,"column":3}},"line":50},"3":{"name":"(anonymous_3)","decl":{"start":{"line":63,"column":12},"end":{"line":63,"column":13}},"loc":{"start":{"line":63,"column":18},"end":{"line":82,"column":3}},"line":63},"4":{"name":"(anonymous_4)","decl":{"start":{"line":64,"column":49},"end":{"line":64,"column":50}},"loc":{"start":{"line":64,"column":68},"end":{"line":77,"column":5}},"line":64},"5":{"name":"(anonymous_5)","decl":{"start":{"line":67,"column":28},"end":{"line":67,"column":29}},"loc":{"start":{"line":67,"column":37},"end":{"line":75,"column":7}},"line":67},"6":{"name":"(anonymous_6)","decl":{"start":{"line":79,"column":11},"end":{"line":79,"column":12}},"loc":{"start":{"line":79,"column":17},"end":{"line":81,"column":5}},"line":79},"7":{"name":"(anonymous_7)","decl":{"start":{"line":84,"column":51},"end":{"line":84,"column":52}},"loc":{"start":{"line":84,"column":72},"end":{"line":88,"column":3}},"line":84},"8":{"name":"(anonymous_8)","decl":{"start":{"line":96,"column":12},"end":{"line":96,"column":13}},"loc":{"start":{"line":96,"column":18},"end":{"line":131,"column":3}},"line":96},"9":{"name":"(anonymous_9)","decl":{"start":{"line":97,"column":32},"end":{"line":97,"column":33}},"loc":{"start":{"line":97,"column":44},"end":{"line":128,"column":5}},"line":97},"10":{"name":"(anonymous_10)","decl":{"start":{"line":108,"column":22},"end":{"line":108,"column":23}},"loc":{"start":{"line":108,"column":41},"end":{"line":122,"column":11}},"line":108},"11":{"name":"(anonymous_11)","decl":{"start":{"line":111,"column":34},"end":{"line":111,"column":35}},"loc":{"start":{"line":111,"column":43},"end":{"line":118,"column":13}},"line":111},"12":{"name":"(anonymous_12)","decl":{"start":{"line":124,"column":15},"end":{"line":124,"column":16}},"loc":{"start":{"line":124,"column":21},"end":{"line":126,"column":9}},"line":124},"13":{"name":"(anonymous_13)","decl":{"start":{"line":134,"column":38},"end":{"line":134,"column":39}},"loc":{"start":{"line":134,"column":75},"end":{"line":153,"column":3}},"line":134},"14":{"name":"(anonymous_14)","decl":{"start":{"line":146,"column":14},"end":{"line":146,"column":15}},"loc":{"start":{"line":146,"column":20},"end":{"line":148,"column":9}},"line":146},"15":{"name":"(anonymous_15)","decl":{"start":{"line":149,"column":15},"end":{"line":149,"column":16}},"loc":{"start":{"line":149,"column":26},"end":{"line":151,"column":9}},"line":149},"16":{"name":"IngredientButton","decl":{"start":{"line":156,"column":11},"end":{"line":156,"column":27}},"loc":{"start":{"line":156,"column":49},"end":{"line":193,"column":3}},"line":156},"17":{"name":"(anonymous_17)","decl":{"start":{"line":159,"column":14},"end":{"line":159,"column":15}},"loc":{"start":{"line":159,"column":20},"end":{"line":174,"column":5}},"line":159},"18":{"name":"(anonymous_18)","decl":{"start":{"line":165,"column":51},"end":{"line":165,"column":52}},"loc":{"start":{"line":165,"column":60},"end":{"line":171,"column":7}},"line":165},"19":{"name":"(anonymous_19)","decl":{"start":{"line":173,"column":13},"end":{"line":173,"column":14}},"loc":{"start":{"line":173,"column":19},"end":{"line":173,"column":32}},"line":173},"20":{"name":"(anonymous_20)","decl":{"start":{"line":184,"column":17},"end":{"line":184,"column":18}},"loc":{"start":{"line":184,"column":23},"end":{"line":184,"column":70}},"line":184},"21":{"name":"(anonymous_21)","decl":{"start":{"line":197,"column":35},"end":{"line":197,"column":36}},"loc":{"start":{"line":197,"column":53},"end":{"line":201,"column":3}},"line":197},"22":{"name":"(anonymous_22)","decl":{"start":{"line":198,"column":26},"end":{"line":198,"column":27}},"loc":{"start":{"line":198,"column":47},"end":{"line":200,"column":5}},"line":198},"23":{"name":"(anonymous_23)","decl":{"start":{"line":204,"column":49},"end":{"line":204,"column":50}},"loc":{"start":{"line":204,"column":59},"end":{"line":204,"column":68}},"line":204},"24":{"name":"(anonymous_24)","decl":{"start":{"line":215,"column":20},"end":{"line":215,"column":21}},"loc":{"start":{"line":216,"column":12},"end":{"line":216,"column":61}},"line":216},"25":{"name":"(anonymous_25)","decl":{"start":{"line":233,"column":33},"end":{"line":233,"column":34}},"loc":{"start":{"line":234,"column":14},"end":{"line":238,"column":16}},"line":234},"26":{"name":"(anonymous_26)","decl":{"start":{"line":244,"column":20},"end":{"line":244,"column":21}},"loc":{"start":{"line":245,"column":12},"end":{"line":245,"column":61}},"line":245},"27":{"name":"(anonymous_27)","decl":{"start":{"line":261,"column":12},"end":{"line":261,"column":13}},"loc":{"start":{"line":262,"column":14},"end":{"line":312,"column":21}},"line":262},"28":{"name":"(anonymous_28)","decl":{"start":{"line":276,"column":27},"end":{"line":276,"column":28}},"loc":{"start":{"line":276,"column":33},"end":{"line":276,"column":71}},"line":276},"29":{"name":"(anonymous_29)","decl":{"start":{"line":290,"column":45},"end":{"line":290,"column":46}},"loc":{"start":{"line":291,"column":22},"end":{"line":308,"column":41}},"line":291},"30":{"name":"(anonymous_30)","decl":{"start":{"line":301,"column":33},"end":{"line":301,"column":34}},"loc":{"start":{"line":301,"column":39},"end":{"line":301,"column":75}},"line":301},"31":{"name":"(anonymous_31)","decl":{"start":{"line":321,"column":19},"end":{"line":321,"column":20}},"loc":{"start":{"line":322,"column":12},"end":{"line":324,"column":13}},"line":322}},"branchMap":{"0":{"loc":{"start":{"line":44,"column":4},"end":{"line":46,"column":5}},"type":"if","locations":[{"start":{"line":44,"column":4},"end":{"line":46,"column":5}},{"start":{},"end":{}}],"line":44},"1":{"loc":{"start":{"line":86,"column":25},"end":{"line":86,"column":48}},"type":"binary-expr","locations":[{"start":{"line":86,"column":25},"end":{"line":86,"column":42}},{"start":{"line":86,"column":46},"end":{"line":86,"column":48}}],"line":86},"2":{"loc":{"start":{"line":99,"column":6},"end":{"line":127,"column":7}},"type":"if","locations":[{"start":{"line":99,"column":6},"end":{"line":127,"column":7}},{"start":{},"end":{}}],"line":99},"3":{"loc":{"start":{"line":136,"column":4},"end":{"line":152,"column":5}},"type":"if","locations":[{"start":{"line":136,"column":4},"end":{"line":152,"column":5}},{"start":{},"end":{}}],"line":136},"4":{"loc":{"start":{"line":166,"column":8},"end":{"line":170,"column":9}},"type":"if","locations":[{"start":{"line":166,"column":8},"end":{"line":170,"column":9}},{"start":{"line":168,"column":15},"end":{"line":170,"column":9}}],"line":166},"5":{"loc":{"start":{"line":176,"column":4},"end":{"line":178,"column":5}},"type":"if","locations":[{"start":{"line":176,"column":4},"end":{"line":178,"column":5}},{"start":{},"end":{}}],"line":176},"6":{"loc":{"start":{"line":219,"column":11},"end":{"line":240,"column":11}},"type":"cond-expr","locations":[{"start":{"line":220,"column":12},"end":{"line":231,"column":19}},{"start":{"line":233,"column":12},"end":{"line":239,"column":14}}],"line":219},"7":{"loc":{"start":{"line":288,"column":17},"end":{"line":311,"column":17}},"type":"binary-expr","locations":[{"start":{"line":288,"column":17},"end":{"line":288,"column":49}},{"start":{"line":289,"column":18},"end":{"line":310,"column":25}}],"line":288},"8":{"loc":{"start":{"line":318,"column":7},"end":{"line":329,"column":14}},"type":"cond-expr","locations":[{"start":{"line":319,"column":8},"end":{"line":328,"column":27}},{"start":{"line":329,"column":10},"end":{"line":329,"column":14}}],"line":318}},"s":{"0":0,"1":0,"2":0,"3":0,"4":0,"5":0,"6":0,"7":0,"8":0,"9":0,"10":0,"11":0,"12":0,"13":0,"14":0,"15":0,"16":0,"17":0,"18":0,"19":0,"20":0,"21":0,"22":0,"23":0,"24":0,"25":0,"26":0,"27":0,"28":0,"29":0,"30":0,"31":0,"32":0,"33":0,"34":0,"35":0,"36":0,"37":0,"38":0,"39":0,"40":0,"41":0,"42":0,"43":0,"44":0,"45":0,"46":0,"47":0,"48":0,"49":0,"50":0,"51":0,"52":0,"53":0,"54":0,"55":0,"56":0,"57":0,"58":0,"59":0,"60":0,"61":0,"62":0,"63":0,"64":0,"65":0,"66":0,"67":0,"68":0,"69":0,"70":0,"71":0,"72":0,"73":0,"74":0,"75":0,"76":0,"77":0,"78":0,"79":0},"f":{"0":0,"1":0,"2":0,"3":0,"4":0,"5":0,"6":0,"7":0,"8":0,"9":0,"10":0,"11":0,"12":0,"13":0,"14":0,"15":0,"16":0,"17":0,"18":0,"19":0,"20":0,"21":0,"22":0,"23":0,"24":0,"25":0,"26":0,"27":0,"28":0,"29":0,"30":0,"31":0},"b":{"0":[0,0],"1":[0,0],"2":[0,0],"3":[0,0],"4":[0,0],"5":[0,0],"6":[0,0],"7":[0,0],"8":[0,0]}}
,"/Users/marcoluz/Developer/Reciply/app_old/pages_old/recipes/recipe.tsx": {"path":"/Users/marcoluz/Developer/Reciply/app_old/pages_old/recipes/recipe.tsx","statementMap":{"0":{"start":{"line":16,"column":15},"end":{"line":136,"column":1}},"1":{"start":{"line":19,"column":17},"end":{"line":19,"column":28}},"2":{"start":{"line":22,"column":18},"end":{"line":22,"column":44}},"3":{"start":{"line":25,"column":23},"end":{"line":25,"column":40}},"4":{"start":{"line":28,"column":38},"end":{"line":28,"column":52}},"5":{"start":{"line":29,"column":54},"end":{"line":29,"column":66}},"6":{"start":{"line":32,"column":2},"end":{"line":43,"column":9}},"7":{"start":{"line":33,"column":4},"end":{"line":33,"column":49}},"8":{"start":{"line":34,"column":24},"end":{"line":40,"column":5}},"9":{"start":{"line":35,"column":23},"end":{"line":37,"column":7}},"10":{"start":{"line":38,"column":19},"end":{"line":38,"column":40}},"11":{"start":{"line":39,"column":6},"end":{"line":39,"column":26}},"12":{"start":{"line":42,"column":4},"end":{"line":42,"column":18}},"13":{"start":{"line":46,"column":2},"end":{"line":58,"column":9}},"14":{"start":{"line":47,"column":4},"end":{"line":47,"column":62}},"15":{"start":{"line":48,"column":36},"end":{"line":55,"column":5}},"16":{"start":{"line":49,"column":23},"end":{"line":51,"column":7}},"17":{"start":{"line":52,"column":19},"end":{"line":52,"column":40}},"18":{"start":{"line":54,"column":6},"end":{"line":54,"column":66}},"19":{"start":{"line":57,"column":4},"end":{"line":57,"column":30}},"20":{"start":{"line":61,"column":2},"end":{"line":135,"column":4}},"21":{"start":{"line":78,"column":12},"end":{"line":85,"column":14}},"22":{"start":{"line":83,"column":16},"end":{"line":83,"column":80}},"23":{"start":{"line":106,"column":10},"end":{"line":119,"column":17}},"24":{"start":{"line":127,"column":10},"end":{"line":131,"column":17}},"25":{"start":{"line":140,"column":15},"end":{"line":236,"column":2}}},"fnMap":{"0":{"name":"(anonymous_0)","decl":{"start":{"line":16,"column":15},"end":{"line":16,"column":16}},"loc":{"start":{"line":16,"column":21},"end":{"line":136,"column":1}},"line":16},"1":{"name":"(anonymous_1)","decl":{"start":{"line":32,"column":12},"end":{"line":32,"column":13}},"loc":{"start":{"line":32,"column":18},"end":{"line":43,"column":3}},"line":32},"2":{"name":"(anonymous_2)","decl":{"start":{"line":34,"column":24},"end":{"line":34,"column":25}},"loc":{"start":{"line":34,"column":36},"end":{"line":40,"column":5}},"line":34},"3":{"name":"(anonymous_3)","decl":{"start":{"line":46,"column":12},"end":{"line":46,"column":13}},"loc":{"start":{"line":46,"column":18},"end":{"line":58,"column":3}},"line":46},"4":{"name":"(anonymous_4)","decl":{"start":{"line":48,"column":36},"end":{"line":48,"column":37}},"loc":{"start":{"line":48,"column":48},"end":{"line":55,"column":5}},"line":48},"5":{"name":"(anonymous_5)","decl":{"start":{"line":77,"column":22},"end":{"line":77,"column":23}},"loc":{"start":{"line":78,"column":12},"end":{"line":85,"column":14}},"line":78},"6":{"name":"(anonymous_6)","decl":{"start":{"line":82,"column":23},"end":{"line":82,"column":24}},"loc":{"start":{"line":83,"column":16},"end":{"line":83,"column":80}},"line":83},"7":{"name":"(anonymous_7)","decl":{"start":{"line":105,"column":46},"end":{"line":105,"column":47}},"loc":{"start":{"line":106,"column":10},"end":{"line":119,"column":17}},"line":106},"8":{"name":"(anonymous_8)","decl":{"start":{"line":126,"column":33},"end":{"line":126,"column":34}},"loc":{"start":{"line":127,"column":10},"end":{"line":131,"column":17}},"line":127}},"branchMap":{"0":{"loc":{"start":{"line":54,"column":28},"end":{"line":54,"column":64}},"type":"cond-expr","locations":[{"start":{"line":54,"column":46},"end":{"line":54,"column":59}},{"start":{"line":54,"column":62},"end":{"line":54,"column":64}}],"line":54},"1":{"loc":{"start":{"line":66,"column":17},"end":{"line":66,"column":51}},"type":"binary-expr","locations":[{"start":{"line":66,"column":17},"end":{"line":66,"column":34}},{"start":{"line":66,"column":38},"end":{"line":66,"column":51}}],"line":66},"2":{"loc":{"start":{"line":102,"column":22},"end":{"line":102,"column":70}},"type":"binary-expr","locations":[{"start":{"line":102,"column":22},"end":{"line":102,"column":61}},{"start":{"line":102,"column":65},"end":{"line":102,"column":70}}],"line":102},"3":{"loc":{"start":{"line":123,"column":16},"end":{"line":123,"column":51}},"type":"binary-expr","locations":[{"start":{"line":123,"column":16},"end":{"line":123,"column":42}},{"start":{"line":123,"column":46},"end":{"line":123,"column":51}}],"line":123}},"s":{"0":0,"1":0,"2":0,"3":0,"4":0,"5":0,"6":0,"7":0,"8":0,"9":0,"10":0,"11":0,"12":0,"13":0,"14":0,"15":0,"16":0,"17":0,"18":0,"19":0,"20":0,"21":0,"22":0,"23":0,"24":0,"25":0},"f":{"0":0,"1":0,"2":0,"3":0,"4":0,"5":0,"6":0,"7":0,"8":0},"b":{"0":[0,0],"1":[0,0],"2":[0,0],"3":[0,0]}}
,"/Users/marcoluz/Developer/Reciply/app_old/pages_old/recipes/search-recipes.tsx": {"path":"/Users/marcoluz/Developer/Reciply/app_old/pages_old/recipes/search-recipes.tsx","statementMap":{"0":{"start":{"line":17,"column":22},"end":{"line":127,"column":1}},"1":{"start":{"line":20,"column":17},"end":{"line":20,"column":28}},"2":{"start":{"line":23,"column":32},"end":{"line":23,"column":44}},"3":{"start":{"line":26,"column":26},"end":{"line":26,"column":43}},"4":{"start":{"line":29,"column":18},"end":{"line":29,"column":44}},"5":{"start":{"line":32,"column":23},"end":{"line":52,"column":3}},"6":{"start":{"line":33,"column":4},"end":{"line":51,"column":5}},"7":{"start":{"line":34,"column":6},"end":{"line":34,"column":64}},"8":{"start":{"line":35,"column":23},"end":{"line":37,"column":7}},"9":{"start":{"line":38,"column":19},"end":{"line":38,"column":40}},"10":{"start":{"line":39,"column":6},"end":{"line":39,"column":23}},"11":{"start":{"line":42,"column":6},"end":{"line":42,"column":66}},"12":{"start":{"line":44,"column":6},"end":{"line":48,"column":7}},"13":{"start":{"line":47,"column":8},"end":{"line":47,"column":63}},"14":{"start":{"line":50,"column":6},"end":{"line":50,"column":27}},"15":{"start":{"line":54,"column":2},"end":{"line":65,"column":20}},"16":{"start":{"line":55,"column":23},"end":{"line":63,"column":5}},"17":{"start":{"line":56,"column":31},"end":{"line":56,"column":72}},"18":{"start":{"line":57,"column":27},"end":{"line":57,"column":64}},"19":{"start":{"line":58,"column":6},"end":{"line":62,"column":7}},"20":{"start":{"line":59,"column":8},"end":{"line":59,"column":45}},"21":{"start":{"line":61,"column":8},"end":{"line":61,"column":23}},"22":{"start":{"line":64,"column":4},"end":{"line":64,"column":17}},"23":{"start":{"line":68,"column":29},"end":{"line":73,"column":3}},"24":{"start":{"line":69,"column":4},"end":{"line":69,"column":41}},"25":{"start":{"line":72,"column":4},"end":{"line":72,"column":65}},"26":{"start":{"line":76,"column":2},"end":{"line":126,"column":4}},"27":{"start":{"line":92,"column":12},"end":{"line":97,"column":14}},"28":{"start":{"line":96,"column":29},"end":{"line":96,"column":42}},"29":{"start":{"line":103,"column":10},"end":{"line":123,"column":29}},"30":{"start":{"line":106,"column":27},"end":{"line":106,"column":61}},"31":{"start":{"line":131,"column":15},"end":{"line":172,"column":2}}},"fnMap":{"0":{"name":"(anonymous_0)","decl":{"start":{"line":17,"column":22},"end":{"line":17,"column":23}},"loc":{"start":{"line":17,"column":28},"end":{"line":127,"column":1}},"line":17},"1":{"name":"(anonymous_1)","decl":{"start":{"line":32,"column":23},"end":{"line":32,"column":24}},"loc":{"start":{"line":32,"column":35},"end":{"line":52,"column":3}},"line":32},"2":{"name":"(anonymous_2)","decl":{"start":{"line":54,"column":12},"end":{"line":54,"column":13}},"loc":{"start":{"line":54,"column":18},"end":{"line":65,"column":3}},"line":54},"3":{"name":"(anonymous_3)","decl":{"start":{"line":55,"column":23},"end":{"line":55,"column":24}},"loc":{"start":{"line":55,"column":35},"end":{"line":63,"column":5}},"line":55},"4":{"name":"(anonymous_4)","decl":{"start":{"line":68,"column":29},"end":{"line":68,"column":30}},"loc":{"start":{"line":68,"column":43},"end":{"line":73,"column":3}},"line":68},"5":{"name":"(anonymous_5)","decl":{"start":{"line":91,"column":22},"end":{"line":91,"column":23}},"loc":{"start":{"line":92,"column":12},"end":{"line":97,"column":14}},"line":92},"6":{"name":"(anonymous_6)","decl":{"start":{"line":96,"column":23},"end":{"line":96,"column":24}},"loc":{"start":{"line":96,"column":29},"end":{"line":96,"column":42}},"line":96},"7":{"name":"(anonymous_7)","decl":{"start":{"line":102,"column":20},"end":{"line":102,"column":21}},"loc":{"start":{"line":103,"column":10},"end":{"line":123,"column":29}},"line":103},"8":{"name":"(anonymous_8)","decl":{"start":{"line":106,"column":21},"end":{"line":106,"column":22}},"loc":{"start":{"line":106,"column":27},"end":{"line":106,"column":61}},"line":106}},"branchMap":{"0":{"loc":{"start":{"line":44,"column":6},"end":{"line":48,"column":7}},"type":"if","locations":[{"start":{"line":44,"column":6},"end":{"line":48,"column":7}},{"start":{},"end":{}}],"line":44},"1":{"loc":{"start":{"line":58,"column":6},"end":{"line":62,"column":7}},"type":"if","locations":[{"start":{"line":58,"column":6},"end":{"line":62,"column":7}},{"start":{"line":60,"column":13},"end":{"line":62,"column":7}}],"line":58},"2":{"loc":{"start":{"line":58,"column":10},"end":{"line":58,"column":98}},"type":"binary-expr","locations":[{"start":{"line":58,"column":11},"end":{"line":58,"column":43}},{"start":{"line":58,"column":47},"end":{"line":58,"column":59}},{"start":{"line":58,"column":65},"end":{"line":58,"column":81}},{"start":{"line":58,"column":85},"end":{"line":58,"column":97}}],"line":58},"3":{"loc":{"start":{"line":101,"column":7},"end":{"line":124,"column":10}},"type":"binary-expr","locations":[{"start":{"line":101,"column":7},"end":{"line":101,"column":14}},{"start":{"line":102,"column":8},"end":{"line":124,"column":10}}],"line":101}},"s":{"0":0,"1":0,"2":0,"3":0,"4":0,"5":0,"6":0,"7":0,"8":0,"9":0,"10":0,"11":0,"12":0,"13":0,"14":0,"15":0,"16":0,"17":0,"18":0,"19":0,"20":0,"21":0,"22":0,"23":0,"24":0,"25":0,"26":0,"27":0,"28":0,"29":0,"30":0,"31":0},"f":{"0":0,"1":0,"2":0,"3":0,"4":0,"5":0,"6":0,"7":0,"8":0},"b":{"0":[0,0],"1":[0,0],"2":[0,0,0,0],"3":[0,0]}}
}
